<?xml version="1.0" encoding="UTF-8"?>
<!-- Generated by org.testng.reporters.JUnitReportReporter -->
<testsuite name="com.test.automation.practice.addToCartOrderProccesing.TC001_VerifyAaddToCart" tests="1" time="0.752" ignored="0" failures="0" timestamp="10 Jun 2018 19:19:34 GMT" skipped="0" hostname="DESKTOP-QBEO8F3" errors="0">
  <testcase name="verifyAaddToCart" time="0.752" classname="com.test.automation.practice.addToCartOrderProccesing.TC001_VerifyAaddToCart"/>
</testsuite> <!-- com.test.automation.practice.addToCartOrderProccesing.TC001_VerifyAaddToCart -->
