<?xml version="1.0" encoding="UTF-8"?>
<!-- Generated by org.testng.reporters.JUnitReportReporter -->
<testsuite name="com.test.automation.practice.homepage.TC004_VerifySignIn" tests="1" time="10.721" ignored="0" failures="0" timestamp="10 Jun 2018 19:22:15 GMT" skipped="0" hostname="DESKTOP-QBEO8F3" errors="0">
  <testcase name="verifyRegistration" time="10.721" classname="com.test.automation.practice.homepage.TC004_VerifySignIn"/>
</testsuite> <!-- com.test.automation.practice.homepage.TC004_VerifySignIn -->
