<?xml version="1.0" encoding="UTF-8"?>
<!-- Generated by org.testng.reporters.JUnitReportReporter -->
<testsuite name="com.test.automation.practice.homepage.TC001_VerifyLoginWithInvalidCredentailsToAutoMationPractices" tests="1" time="4.811" ignored="0" failures="0" timestamp="09 Jun 2018 16:13:01 GMT" skipped="0" hostname="DESKTOP-QBEO8F3" errors="0">
  <testcase name="verifyLoginWithInvalidCredentails" time="4.811" classname="com.test.automation.practice.homepage.TC001_VerifyLoginWithInvalidCredentailsToAutoMationPractices"/>
</testsuite> <!-- com.test.automation.practice.homepage.TC001_VerifyLoginWithInvalidCredentailsToAutoMationPractices -->
