<?xml version="1.0" encoding="UTF-8"?>
<!-- Generated by org.testng.reporters.JUnitReportReporter -->
<testsuite name="com.test.automation.practice.homepage.TC003_VerifyLoginWithDifferentRecords" tests="7" time="2.073" ignored="0" failures="0" timestamp="09 Jun 2018 16:15:56 GMT" skipped="4" hostname="DESKTOP-QBEO8F3" errors="0">
  <testcase name="verifyLoginWithDifferentRecords" time="0.719" classname="com.test.automation.practice.homepage.TC003_VerifyLoginWithDifferentRecords"/>
  <testcase name="verifyLoginWithDifferentRecords" time="0.006" classname="com.test.automation.practice.homepage.TC003_VerifyLoginWithDifferentRecords">
    <skipped/>
  </testcase> <!-- verifyLoginWithDifferentRecords -->
  <testcase name="verifyLoginWithDifferentRecords" time="0.007" classname="com.test.automation.practice.homepage.TC003_VerifyLoginWithDifferentRecords">
    <skipped/>
  </testcase> <!-- verifyLoginWithDifferentRecords -->
  <testcase name="verifyLoginWithDifferentRecords" time="0.012" classname="com.test.automation.practice.homepage.TC003_VerifyLoginWithDifferentRecords">
    <skipped/>
  </testcase> <!-- verifyLoginWithDifferentRecords -->
  <testcase name="verifyLoginWithDifferentRecords" time="0.007" classname="com.test.automation.practice.homepage.TC003_VerifyLoginWithDifferentRecords">
    <skipped/>
  </testcase> <!-- verifyLoginWithDifferentRecords -->
  <testcase name="verifyLoginWithDifferentRecords" time="0.573" classname="com.test.automation.practice.homepage.TC003_VerifyLoginWithDifferentRecords"/>
  <testcase name="verifyLoginWithDifferentRecords" time="0.749" classname="com.test.automation.practice.homepage.TC003_VerifyLoginWithDifferentRecords"/>
</testsuite> <!-- com.test.automation.practice.homepage.TC003_VerifyLoginWithDifferentRecords -->
