<?xml version="1.0" encoding="UTF-8"?>
<!-- Generated by org.testng.reporters.JUnitReportReporter -->
<testsuite name="com.test.automation.practice.homepage.TCOO4_VerifySignIn" tests="1" time="0.003" ignored="0" failures="0" timestamp="08 Jun 2018 10:14:26 GMT" skipped="1" hostname="DESKTOP-QBEO8F3" errors="0">
  <testcase name="verifyRegistration" time="0.003" classname="com.test.automation.practice.homepage.TCOO4_VerifySignIn">
    <skipped/>
  </testcase> <!-- verifyRegistration -->
</testsuite> <!-- com.test.automation.practice.homepage.TCOO4_VerifySignIn -->
