<?xml version="1.0" encoding="UTF-8"?>
<!-- Generated by org.testng.reporters.JUnitReportReporter -->
<testsuite name="com.test.automation.practice.homepage.TC002_VerifyLogin" tests="1" time="8.359" ignored="0" failures="0" timestamp="10 Jun 2018 19:21:32 GMT" skipped="0" hostname="DESKTOP-QBEO8F3" errors="0">
  <testcase name="VerifyLogin" time="8.359" classname="com.test.automation.practice.homepage.TC002_VerifyLogin"/>
</testsuite> <!-- com.test.automation.practice.homepage.TC002_VerifyLogin -->
